<?xml version="1.0" encoding="UTF-8"?>
<!-- Generated by org.testng.reporters.JUnitXMLReporter -->
<testsuite ignored="30" hostname="aditikhulbe" failures="0" tests="22" name="Test" time="530.516" errors="0" timestamp="30 Jun 2021 12:10:48 GMT">
  <testcase classname="Tests.LoginTest" name="invalidLogin" time="20.699"/>
  <testcase classname="Tests.HelpTest" name="HelpPageFunctionality" time="11.384"/>
  <testcase classname="Tests.AboutUsTest" name="AboutUsFunctionality" time="15.266"/>
  <testcase classname="Tests.BlogTest" name="BlogPageFunctionality" time="15.238"/>
  <testcase classname="Tests.ShowTicketTest" name="ShowMyTicket" time="32.568"/>
  <testcase classname="Tests.CancelTicketTest" name="CancelTicket" time="26.722"/>
  <testcase classname="Tests.CareerTest" name="CareersPageFunctionality" time="25.607"/>
  <testcase classname="Tests.FAQtest" name="FAQpageFunctionality" time="78.222"/>
  <testcase classname="Tests.SearchBusTest" name="searchBus" time="10.046"/>
  <testcase classname="Tests.MobileTest" name="MobilePageFunctionality" time="8.443"/>
  <testcase classname="Tests.OffersTest" name="OffersPageFunctionality" time="7.222"/>
  <testcase classname="Tests.RpoolTest" name="RpoolFunctionality" time="7.735"/>
  <testcase classname="Tests.RpoolTest" name="RpoolFunctionality2" time="16.914"/>
  <testcase classname="Tests.RpoolTest" name="RpoolFunctionality3" time="11.825"/>
  <testcase classname="Tests.RpoolTest" name="RpoolFunctionality4" time="12.059"/>
  <testcase classname="Tests.RpoolTest" name="RpoolFunctionality5" time="11.723"/>
  <testcase classname="Tests.SMSlinkTest" name="SMSfunctionalityInvalid" time="15.44"/>
  <testcase classname="Tests.SMSlinkTest" name="SMSfunctionalityValid" time="15.43"/>
  <testcase classname="Tests.SocialMediaTest" name="SocialMediaPageFunctionality" time="10.496"/>
  <testcase classname="Tests.SocialMediaTest" name="SocialMediaPageFunctionality2" time="15.468"/>
  <testcase classname="Tests.userAgreementTest" name="OffersPageFunctionality" time="6.212"/>
  <testcase classname="Tests.ValuesTest" name="ValuesPageFunctionality" time="15.217"/>
  <testcase classname="Tests.BaseTest" name="@BeforeSuite setExtent" time="0.0">
    <ignored/>
  </testcase> <!-- @BeforeSuite setExtent -->
  <testcase classname="Tests.BaseTest" name="@BeforeSuite setExtent" time="0.0">
    <ignored/>
  </testcase> <!-- @BeforeSuite setExtent -->
  <testcase classname="Tests.BaseTest" name="@BeforeSuite setExtent" time="0.0">
    <ignored/>
  </testcase> <!-- @BeforeSuite setExtent -->
  <testcase classname="Tests.BaseTest" name="@BeforeSuite setExtent" time="0.0">
    <ignored/>
  </testcase> <!-- @BeforeSuite setExtent -->
  <testcase classname="Tests.BaseTest" name="@BeforeSuite setExtent" time="0.0">
    <ignored/>
  </testcase> <!-- @BeforeSuite setExtent -->
  <testcase classname="Tests.BaseTest" name="@BeforeSuite setExtent" time="0.0">
    <ignored/>
  </testcase> <!-- @BeforeSuite setExtent -->
  <testcase classname="Tests.BaseTest" name="@BeforeSuite setExtent" time="0.0">
    <ignored/>
  </testcase> <!-- @BeforeSuite setExtent -->
  <testcase classname="Tests.BaseTest" name="@BeforeSuite setExtent" time="0.0">
    <ignored/>
  </testcase> <!-- @BeforeSuite setExtent -->
  <testcase classname="Tests.BaseTest" name="@BeforeSuite setExtent" time="0.0">
    <ignored/>
  </testcase> <!-- @BeforeSuite setExtent -->
  <testcase classname="Tests.BaseTest" name="@BeforeSuite setExtent" time="0.0">
    <ignored/>
  </testcase> <!-- @BeforeSuite setExtent -->
  <testcase classname="Tests.BaseTest" name="@BeforeSuite setExtent" time="0.0">
    <ignored/>
  </testcase> <!-- @BeforeSuite setExtent -->
  <testcase classname="Tests.BaseTest" name="@BeforeSuite setExtent" time="0.0">
    <ignored/>
  </testcase> <!-- @BeforeSuite setExtent -->
  <testcase classname="Tests.BaseTest" name="@BeforeSuite setExtent" time="0.0">
    <ignored/>
  </testcase> <!-- @BeforeSuite setExtent -->
  <testcase classname="Tests.BaseTest" name="@BeforeSuite setExtent" time="0.0">
    <ignored/>
  </testcase> <!-- @BeforeSuite setExtent -->
  <testcase classname="Tests.BaseTest" name="@BeforeSuite setExtent" time="0.0">
    <ignored/>
  </testcase> <!-- @BeforeSuite setExtent -->
  <testcase classname="Tests.BaseTest" name="@AfterSuite endReport" time="0.0">
    <ignored/>
  </testcase> <!-- @AfterSuite endReport -->
  <testcase classname="Tests.BaseTest" name="@AfterSuite endReport" time="0.0">
    <ignored/>
  </testcase> <!-- @AfterSuite endReport -->
  <testcase classname="Tests.BaseTest" name="@AfterSuite endReport" time="0.0">
    <ignored/>
  </testcase> <!-- @AfterSuite endReport -->
  <testcase classname="Tests.BaseTest" name="@AfterSuite endReport" time="0.0">
    <ignored/>
  </testcase> <!-- @AfterSuite endReport -->
  <testcase classname="Tests.BaseTest" name="@AfterSuite endReport" time="0.0">
    <ignored/>
  </testcase> <!-- @AfterSuite endReport -->
  <testcase classname="Tests.BaseTest" name="@AfterSuite endReport" time="0.0">
    <ignored/>
  </testcase> <!-- @AfterSuite endReport -->
  <testcase classname="Tests.BaseTest" name="@AfterSuite endReport" time="0.0">
    <ignored/>
  </testcase> <!-- @AfterSuite endReport -->
  <testcase classname="Tests.BaseTest" name="@AfterSuite endReport" time="0.0">
    <ignored/>
  </testcase> <!-- @AfterSuite endReport -->
  <testcase classname="Tests.BaseTest" name="@AfterSuite endReport" time="0.0">
    <ignored/>
  </testcase> <!-- @AfterSuite endReport -->
  <testcase classname="Tests.BaseTest" name="@AfterSuite endReport" time="0.0">
    <ignored/>
  </testcase> <!-- @AfterSuite endReport -->
  <testcase classname="Tests.BaseTest" name="@AfterSuite endReport" time="0.0">
    <ignored/>
  </testcase> <!-- @AfterSuite endReport -->
  <testcase classname="Tests.BaseTest" name="@AfterSuite endReport" time="0.0">
    <ignored/>
  </testcase> <!-- @AfterSuite endReport -->
  <testcase classname="Tests.BaseTest" name="@AfterSuite endReport" time="0.0">
    <ignored/>
  </testcase> <!-- @AfterSuite endReport -->
  <testcase classname="Tests.BaseTest" name="@AfterSuite endReport" time="0.0">
    <ignored/>
  </testcase> <!-- @AfterSuite endReport -->
  <testcase classname="Tests.BaseTest" name="@AfterSuite endReport" time="0.0">
    <ignored/>
  </testcase> <!-- @AfterSuite endReport -->
</testsuite> <!-- Test -->
