<?xml version="1.0" encoding="UTF-8"?>
<testng-results ignored="0" total="1" passed="1" failed="0" skipped="0">
  <reporter-output>
  </reporter-output>
  <suite started-at="2021-07-05T10:21:07Z" name="Default suite" finished-at="2021-07-05T10:21:20Z" duration-ms="12613">
    <groups>
    </groups>
    <test started-at="2021-07-05T10:21:07Z" name="Default test" finished-at="2021-07-05T10:21:20Z" duration-ms="12613">
      <class name="Tests.SitemapTest">
        <test-method is-config="true" signature="setExtent()[pri:0, instance:Tests.SitemapTest@1e63ec0b]" started-at="2021-07-05T15:51:07Z" name="setExtent" finished-at="2021-07-05T15:51:07Z" duration-ms="64" status="PASS">
          <reporter-output>
          </reporter-output>
        </test-method> <!-- setExtent -->
        <test-method is-config="true" signature="initializeBrowser()[pri:0, instance:Tests.SitemapTest@1e63ec0b]" started-at="2021-07-05T15:51:07Z" name="initializeBrowser" finished-at="2021-07-05T15:51:09Z" duration-ms="1464" status="PASS">
          <reporter-output>
          </reporter-output>
        </test-method> <!-- initializeBrowser -->
        <test-method is-config="true" signature="setUp()[pri:0, instance:Tests.SitemapTest@1e63ec0b]" started-at="2021-07-05T15:51:09Z" name="setUp" finished-at="2021-07-05T15:51:12Z" depends-on-methods="Tests.BaseTest.initializeBrowser" duration-ms="2991" status="PASS">
          <reporter-output>
          </reporter-output>
        </test-method> <!-- setUp -->
        <test-method signature="SitemapPageFunctionality()[pri:0, instance:Tests.SitemapTest@1e63ec0b]" started-at="2021-07-05T15:51:12Z" name="SitemapPageFunctionality" finished-at="2021-07-05T15:51:19Z" duration-ms="7253" status="PASS">
          <reporter-output>
          </reporter-output>
        </test-method> <!-- SitemapPageFunctionality -->
        <test-method is-config="true" signature="attachScreenshots(org.testng.ITestResult)[pri:0, instance:Tests.SitemapTest@1e63ec0b]" started-at="2021-07-05T15:51:19Z" name="attachScreenshots" finished-at="2021-07-05T15:51:19Z" duration-ms="6" status="PASS">
          <params>
            <param index="0">
              <value>
                <![CDATA[[TestResult name=SitemapPageFunctionality status=SUCCESS method=SitemapTest.SitemapPageFunctionality()[pri:0, instance:Tests.SitemapTest@1e63ec0b] output={null}]]]>
              </value>
            </param>
          </params>
          <reporter-output>
          </reporter-output>
        </test-method> <!-- attachScreenshots -->
        <test-method is-config="true" signature="closeBrowser()[pri:0, instance:Tests.SitemapTest@1e63ec0b]" started-at="2021-07-05T15:51:19Z" name="closeBrowser" finished-at="2021-07-05T15:51:20Z" duration-ms="884" status="PASS">
          <reporter-output>
          </reporter-output>
        </test-method> <!-- closeBrowser -->
        <test-method is-config="true" signature="endReport()[pri:0, instance:Tests.SitemapTest@1e63ec0b]" started-at="2021-07-05T15:51:20Z" name="endReport" finished-at="2021-07-05T15:51:20Z" duration-ms="285" status="PASS">
          <reporter-output>
          </reporter-output>
        </test-method> <!-- endReport -->
      </class> <!-- Tests.SitemapTest -->
    </test> <!-- Default test -->
  </suite> <!-- Default suite -->
</testng-results>
