<?xml version="1.0" encoding="UTF-8"?>
<testng-results ignored="0" total="1" passed="1" failed="0" skipped="0">
  <reporter-output>
  </reporter-output>
  <suite started-at="2021-07-01T11:35:26Z" name="Default suite" finished-at="2021-07-01T11:35:45Z" duration-ms="19017">
    <groups>
    </groups>
    <test started-at="2021-07-01T11:35:26Z" name="Default test" finished-at="2021-07-01T11:35:45Z" duration-ms="19017">
      <class name="Tests.OffersTest">
        <test-method is-config="true" signature="setExtent()[pri:0, instance:Tests.OffersTest@1ee29c84]" started-at="2021-07-01T17:05:26Z" name="setExtent" finished-at="2021-07-01T17:05:26Z" duration-ms="67" status="PASS">
          <reporter-output>
          </reporter-output>
        </test-method> <!-- setExtent -->
        <test-method is-config="true" signature="intializeWebdriver()[pri:0, instance:Tests.OffersTest@1ee29c84]" started-at="2021-07-01T17:05:26Z" name="intializeWebdriver" finished-at="2021-07-01T17:05:28Z" duration-ms="1954" status="PASS">
          <reporter-output>
          </reporter-output>
        </test-method> <!-- intializeWebdriver -->
        <test-method is-config="true" signature="openBrowser()[pri:0, instance:Tests.OffersTest@1ee29c84]" started-at="2021-07-01T17:05:28Z" name="openBrowser" finished-at="2021-07-01T17:05:31Z" duration-ms="3525" status="PASS">
          <reporter-output>
          </reporter-output>
        </test-method> <!-- openBrowser -->
        <test-method signature="OffersPageFunctionality()[pri:0, instance:Tests.OffersTest@1ee29c84]" started-at="2021-07-01T17:05:31Z" name="OffersPageFunctionality" finished-at="2021-07-01T17:05:41Z" duration-ms="9362" status="PASS">
          <reporter-output>
          </reporter-output>
        </test-method> <!-- OffersPageFunctionality -->
        <test-method is-config="true" signature="attachScreenshot(org.testng.ITestResult)[pri:0, instance:Tests.OffersTest@1ee29c84]" started-at="2021-07-01T17:05:41Z" name="attachScreenshot" finished-at="2021-07-01T17:05:41Z" duration-ms="2" status="PASS">
          <params>
            <param index="0">
              <value>
                <![CDATA[[TestResult name=OffersPageFunctionality status=SUCCESS method=OffersTest.OffersPageFunctionality()[pri:0, instance:Tests.OffersTest@1ee29c84] output={null}]]]>
              </value>
            </param>
          </params>
          <reporter-output>
          </reporter-output>
        </test-method> <!-- attachScreenshot -->
        <test-method is-config="true" signature="closeBrowser()[pri:0, instance:Tests.OffersTest@1ee29c84]" started-at="2021-07-01T17:05:41Z" name="closeBrowser" finished-at="2021-07-01T17:05:45Z" duration-ms="4162" status="PASS">
          <reporter-output>
          </reporter-output>
        </test-method> <!-- closeBrowser -->
        <test-method is-config="true" signature="endReport()[pri:0, instance:Tests.OffersTest@1ee29c84]" started-at="2021-07-01T17:05:45Z" name="endReport" finished-at="2021-07-01T17:05:45Z" duration-ms="166" status="PASS">
          <reporter-output>
          </reporter-output>
        </test-method> <!-- endReport -->
      </class> <!-- Tests.OffersTest -->
    </test> <!-- Default test -->
  </suite> <!-- Default suite -->
</testng-results>
