<?xml version="1.0" encoding="UTF-8"?>
<testng-results skipped="0" failed="0" ignored="0" total="1" passed="1">
  <reporter-output>
  </reporter-output>
  <suite name="Default suite" duration-ms="14028" started-at="2021-06-28T14:48:18Z" finished-at="2021-06-28T14:48:32Z">
    <groups>
    </groups>
    <test name="Default test" duration-ms="14028" started-at="2021-06-28T14:48:18Z" finished-at="2021-06-28T14:48:32Z">
      <class name="Tests.CancelTicketTest">
        <test-method status="PASS" signature="setExtent()[pri:0, instance:Tests.CancelTicketTest@78aab498]" name="setExtent" is-config="true" duration-ms="117" started-at="2021-06-28T14:48:18Z" finished-at="2021-06-28T14:48:18Z">
          <reporter-output>
          </reporter-output>
        </test-method> <!-- setExtent -->
        <test-method status="PASS" signature="intializeWebdriver()[pri:0, instance:Tests.CancelTicketTest@78aab498]" name="intializeWebdriver" is-config="true" duration-ms="2791" started-at="2021-06-28T14:48:18Z" finished-at="2021-06-28T14:48:21Z">
          <reporter-output>
          </reporter-output>
        </test-method> <!-- intializeWebdriver -->
        <test-method status="PASS" signature="openBrowser()[pri:0, instance:Tests.CancelTicketTest@78aab498]" name="openBrowser" is-config="true" duration-ms="3447" started-at="2021-06-28T14:48:21Z" finished-at="2021-06-28T14:48:24Z">
          <reporter-output>
          </reporter-output>
        </test-method> <!-- openBrowser -->
        <test-method status="PASS" signature="CancelTicket()[pri:0, instance:Tests.CancelTicketTest@78aab498]" name="CancelTicket" duration-ms="7682" started-at="2021-06-28T14:48:24Z" finished-at="2021-06-28T14:48:32Z">
          <reporter-output>
          </reporter-output>
        </test-method> <!-- CancelTicket -->
        <test-method status="PASS" signature="attachScreenshot(org.testng.ITestResult)[pri:0, instance:Tests.CancelTicketTest@78aab498]" name="attachScreenshot" is-config="true" duration-ms="5" started-at="2021-06-28T14:48:32Z" finished-at="2021-06-28T14:48:32Z">
          <params>
            <param index="0">
              <value>
                <![CDATA[[TestResult name=CancelTicket status=SUCCESS method=CancelTicketTest.CancelTicket()[pri:0, instance:Tests.CancelTicketTest@78aab498] output={null}]]]>
              </value>
            </param>
          </params>
          <reporter-output>
          </reporter-output>
        </test-method> <!-- attachScreenshot -->
        <test-method status="PASS" signature="closeBrowser()[pri:0, instance:Tests.CancelTicketTest@78aab498]" name="closeBrowser" is-config="true" duration-ms="78" started-at="2021-06-28T14:48:32Z" finished-at="2021-06-28T14:48:32Z">
          <reporter-output>
          </reporter-output>
        </test-method> <!-- closeBrowser -->
        <test-method status="PASS" signature="endReport()[pri:0, instance:Tests.CancelTicketTest@78aab498]" name="endReport" is-config="true" duration-ms="210" started-at="2021-06-28T14:48:32Z" finished-at="2021-06-28T14:48:32Z">
          <reporter-output>
          </reporter-output>
        </test-method> <!-- endReport -->
      </class> <!-- Tests.CancelTicketTest -->
    </test> <!-- Default test -->
  </suite> <!-- Default suite -->
</testng-results>
