<?xml version="1.0" encoding="UTF-8"?>
<testng-results ignored="0" total="1" passed="1" failed="0" skipped="0">
  <reporter-output>
  </reporter-output>
  <suite started-at="2021-07-04T15:58:20Z" name="Default suite" finished-at="2021-07-04T15:58:37Z" duration-ms="16443">
    <groups>
    </groups>
    <test started-at="2021-07-04T15:58:20Z" name="Default test" finished-at="2021-07-04T15:58:37Z" duration-ms="16443">
      <class name="Tests.MobileTest">
        <test-method is-config="true" signature="setExtent()[pri:0, instance:Tests.MobileTest@63429932]" started-at="2021-07-04T21:28:20Z" name="setExtent" finished-at="2021-07-04T21:28:20Z" duration-ms="57" status="PASS">
          <reporter-output>
          </reporter-output>
        </test-method> <!-- setExtent -->
        <test-method is-config="true" signature="intializeWebdriver()[pri:0, instance:Tests.MobileTest@63429932]" started-at="2021-07-04T21:28:20Z" name="intializeWebdriver" finished-at="2021-07-04T21:28:21Z" duration-ms="1221" status="PASS">
          <reporter-output>
          </reporter-output>
        </test-method> <!-- intializeWebdriver -->
        <test-method is-config="true" signature="openBrowser()[pri:0, instance:Tests.MobileTest@63429932]" started-at="2021-07-04T21:28:21Z" name="openBrowser" finished-at="2021-07-04T21:28:24Z" duration-ms="2476" status="PASS">
          <reporter-output>
          </reporter-output>
        </test-method> <!-- openBrowser -->
        <test-method signature="MobilePageFunctionality()[pri:0, instance:Tests.MobileTest@63429932]" started-at="2021-07-04T21:28:24Z" name="MobilePageFunctionality" finished-at="2021-07-04T21:28:32Z" duration-ms="8567" status="PASS">
          <reporter-output>
          </reporter-output>
        </test-method> <!-- MobilePageFunctionality -->
        <test-method is-config="true" signature="attachScreenshot(org.testng.ITestResult)[pri:0, instance:Tests.MobileTest@63429932]" started-at="2021-07-04T21:28:32Z" name="attachScreenshot" finished-at="2021-07-04T21:28:32Z" duration-ms="2" status="PASS">
          <params>
            <param index="0">
              <value>
                <![CDATA[[TestResult name=MobilePageFunctionality status=SUCCESS method=MobileTest.MobilePageFunctionality()[pri:0, instance:Tests.MobileTest@63429932] output={null}]]]>
              </value>
            </param>
          </params>
          <reporter-output>
          </reporter-output>
        </test-method> <!-- attachScreenshot -->
        <test-method is-config="true" signature="closeBrowser()[pri:0, instance:Tests.MobileTest@63429932]" started-at="2021-07-04T21:28:32Z" name="closeBrowser" finished-at="2021-07-04T21:28:37Z" duration-ms="4167" status="PASS">
          <reporter-output>
          </reporter-output>
        </test-method> <!-- closeBrowser -->
        <test-method is-config="true" signature="endReport()[pri:0, instance:Tests.MobileTest@63429932]" started-at="2021-07-04T21:28:37Z" name="endReport" finished-at="2021-07-04T21:28:37Z" duration-ms="164" status="PASS">
          <reporter-output>
          </reporter-output>
        </test-method> <!-- endReport -->
      </class> <!-- Tests.MobileTest -->
    </test> <!-- Default test -->
  </suite> <!-- Default suite -->
</testng-results>
