<?xml version="1.0" encoding="UTF-8"?>
<testng-results ignored="0" total="1" passed="1" failed="0" skipped="0">
  <reporter-output>
  </reporter-output>
  <suite started-at="2021-07-01T11:18:01Z" name="Default suite" finished-at="2021-07-01T11:18:17Z" duration-ms="16012">
    <groups>
    </groups>
    <test started-at="2021-07-01T11:18:01Z" name="Default test" finished-at="2021-07-01T11:18:17Z" duration-ms="16012">
      <class name="Tests.ValuesTest">
        <test-method is-config="true" signature="setExtent()[pri:0, instance:Tests.ValuesTest@1ee29c84]" started-at="2021-07-01T16:48:01Z" name="setExtent" finished-at="2021-07-01T16:48:01Z" duration-ms="104" status="PASS">
          <reporter-output>
          </reporter-output>
        </test-method> <!-- setExtent -->
        <test-method is-config="true" signature="intializeWebdriver()[pri:0, instance:Tests.ValuesTest@1ee29c84]" started-at="2021-07-01T16:48:01Z" name="intializeWebdriver" finished-at="2021-07-01T16:48:01Z" duration-ms="8" status="PASS">
          <reporter-output>
          </reporter-output>
        </test-method> <!-- intializeWebdriver -->
        <test-method is-config="true" signature="openBrowser()[pri:0, instance:Tests.ValuesTest@1ee29c84]" started-at="2021-07-01T16:48:01Z" name="openBrowser" finished-at="2021-07-01T16:48:02Z" duration-ms="585" status="PASS">
          <reporter-output>
          </reporter-output>
        </test-method> <!-- openBrowser -->
        <test-method signature="ValuesPageFunctionality()[pri:0, instance:Tests.ValuesTest@1ee29c84]" started-at="2021-07-01T16:48:02Z" name="ValuesPageFunctionality" finished-at="2021-07-01T16:48:17Z" duration-ms="15330" status="PASS">
          <reporter-output>
          </reporter-output>
        </test-method> <!-- ValuesPageFunctionality -->
        <test-method is-config="true" signature="attachScreenshot(org.testng.ITestResult)[pri:0, instance:Tests.ValuesTest@1ee29c84]" started-at="2021-07-01T16:48:17Z" name="attachScreenshot" finished-at="2021-07-01T16:48:17Z" duration-ms="2" status="PASS">
          <params>
            <param index="0">
              <value>
                <![CDATA[[TestResult name=ValuesPageFunctionality status=SUCCESS method=ValuesTest.ValuesPageFunctionality()[pri:0, instance:Tests.ValuesTest@1ee29c84] output={null}]]]>
              </value>
            </param>
          </params>
          <reporter-output>
          </reporter-output>
        </test-method> <!-- attachScreenshot -->
        <test-method is-config="true" signature="closeBrowser()[pri:0, instance:Tests.ValuesTest@1ee29c84]" started-at="2021-07-01T16:48:17Z" name="closeBrowser" finished-at="2021-07-01T16:48:17Z" duration-ms="71" status="PASS">
          <reporter-output>
          </reporter-output>
        </test-method> <!-- closeBrowser -->
        <test-method is-config="true" signature="endReport()[pri:0, instance:Tests.ValuesTest@1ee29c84]" started-at="2021-07-01T16:48:17Z" name="endReport" finished-at="2021-07-01T16:48:18Z" duration-ms="202" status="PASS">
          <reporter-output>
          </reporter-output>
        </test-method> <!-- endReport -->
      </class> <!-- Tests.ValuesTest -->
    </test> <!-- Default test -->
  </suite> <!-- Default suite -->
</testng-results>
