<?xml version="1.0" encoding="UTF-8"?>
<testng-results ignored="0" total="1" passed="1" failed="0" skipped="0">
  <reporter-output>
  </reporter-output>
  <suite started-at="2021-06-29T09:51:52Z" name="Default suite" finished-at="2021-06-29T09:52:09Z" duration-ms="16310">
    <groups>
    </groups>
    <test started-at="2021-06-29T09:51:52Z" name="Default test" finished-at="2021-06-29T09:52:09Z" duration-ms="16310">
      <class name="Tests.LoginTest">
        <test-method is-config="true" signature="setExtent()[pri:0, instance:Tests.LoginTest@4fc5e095]" started-at="2021-06-29T15:21:52Z" name="setExtent" finished-at="2021-06-29T15:21:52Z" duration-ms="73" status="PASS">
          <reporter-output>
          </reporter-output>
        </test-method> <!-- setExtent -->
        <test-method is-config="true" signature="intializeWebdriver()[pri:0, instance:Tests.LoginTest@4fc5e095]" started-at="2021-06-29T15:21:52Z" name="intializeWebdriver" finished-at="2021-06-29T15:21:54Z" duration-ms="1692" status="PASS">
          <reporter-output>
          </reporter-output>
        </test-method> <!-- intializeWebdriver -->
        <test-method is-config="true" signature="openBrowser()[pri:0, instance:Tests.LoginTest@4fc5e095]" started-at="2021-06-29T15:21:54Z" name="openBrowser" finished-at="2021-06-29T15:21:57Z" duration-ms="3406" status="PASS">
          <reporter-output>
          </reporter-output>
        </test-method> <!-- openBrowser -->
        <test-method signature="invalidLogin()[pri:0, instance:Tests.LoginTest@4fc5e095]" started-at="2021-06-29T15:21:57Z" name="invalidLogin" finished-at="2021-06-29T15:22:04Z" duration-ms="7026" status="PASS">
          <reporter-output>
          </reporter-output>
        </test-method> <!-- invalidLogin -->
        <test-method is-config="true" signature="attachScreenshot(org.testng.ITestResult)[pri:0, instance:Tests.LoginTest@4fc5e095]" started-at="2021-06-29T15:22:04Z" name="attachScreenshot" finished-at="2021-06-29T15:22:04Z" duration-ms="3" status="PASS">
          <params>
            <param index="0">
              <value>
                <![CDATA[[TestResult name=invalidLogin status=SUCCESS method=LoginTest.invalidLogin()[pri:0, instance:Tests.LoginTest@4fc5e095] output={null}]]]>
              </value>
            </param>
          </params>
          <reporter-output>
          </reporter-output>
        </test-method> <!-- attachScreenshot -->
        <test-method is-config="true" signature="closeBrowser()[pri:0, instance:Tests.LoginTest@4fc5e095]" started-at="2021-06-29T15:22:04Z" name="closeBrowser" finished-at="2021-06-29T15:22:09Z" duration-ms="4171" status="PASS">
          <reporter-output>
          </reporter-output>
        </test-method> <!-- closeBrowser -->
        <test-method is-config="true" signature="endReport()[pri:0, instance:Tests.LoginTest@4fc5e095]" started-at="2021-06-29T15:22:09Z" name="endReport" finished-at="2021-06-29T15:22:09Z" duration-ms="180" status="PASS">
          <reporter-output>
          </reporter-output>
        </test-method> <!-- endReport -->
      </class> <!-- Tests.LoginTest -->
    </test> <!-- Default test -->
  </suite> <!-- Default suite -->
</testng-results>
